# JRE version: Java(TM) SE Runtime Environment (8.0_231-b11) (build 1.8.0_231-b11)
# Java VM: Java HotSpot(TM) 64-Bit Server VM (25.231-b11 mixed mode windows-amd64 compressed oops)
Heap:
 PSYoungGen      total 141824K, used 20232K [0x00000000f5580000, 0x00000000fea80000, 0x0000000100000000)
  eden space 131072K, 8% used [0x00000000f5580000,0x00000000f5fcc9e8,0x00000000fd580000)
  from space 10752K, 90% used [0x00000000fe000000,0x00000000fe975670,0x00000000fea80000)
  to   space 10752K, 0% used [0x00000000fd580000,0x00000000fd580000,0x00000000fe000000)
 ParOldGen       total 175104K, used 24K [0x00000000e0000000, 0x00000000eab00000, 0x00000000f5580000)
  object space 175104K, 0% used [0x00000000e0000000,0x00000000e0006000,0x00000000eab00000)
 Metaspace       used 15923K, capacity 16288K, committed 16640K, reserved 1062912K
  class space    used 2313K, capacity 2458K, committed 2560K, reserved 1048576K
GC Heap History (4 events):
Event: 5.032 GC heap before
{Heap before GC invocations=1 (full 0):
 PSYoungGen      total 76288K, used 65536K [0x00000000f5580000, 0x00000000faa80000, 0x0000000100000000)
  eden space 65536K, 100% used [0x00000000f5580000,0x00000000f9580000,0x00000000f9580000)
  from space 10752K, 0% used [0x00000000fa000000,0x00000000fa000000,0x00000000faa80000)
  to   space 10752K, 0% used [0x00000000f9580000,0x00000000f9580000,0x00000000fa000000)
 ParOldGen       total 175104K, used 0K [0x00000000e0000000, 0x00000000eab00000, 0x00000000f5580000)
  object space 175104K, 0% used [0x00000000e0000000,0x00000000e0000000,0x00000000eab00000)
 Metaspace       used 7509K, capacity 7746K, committed 8064K, reserved 1056768K
  class space    used 992K, capacity 1077K, committed 1152K, reserved 1048576K
Event: 5.186 GC heap after
Heap after GC invocations=1 (full 0):
 PSYoungGen      total 76288K, used 6168K [0x00000000f5580000, 0x00000000fea80000, 0x0000000100000000)
  eden space 65536K, 0% used [0x00000000f5580000,0x00000000f5580000,0x00000000f9580000)
  from space 10752K, 57% used [0x00000000f9580000,0x00000000f9b86078,0x00000000fa000000)
  to   space 10752K, 0% used [0x00000000fe000000,0x00000000fe000000,0x00000000fea80000)
 ParOldGen       total 175104K, used 16K [0x00000000e0000000, 0x00000000eab00000, 0x00000000f5580000)
  object space 175104K, 0% used [0x00000000e0000000,0x00000000e0004000,0x00000000eab00000)
 Metaspace       used 7509K, capacity 7746K, committed 8064K, reserved 1056768K
  class space    used 992K, capacity 1077K, committed 1152K, reserved 1048576K
}
Event: 11.963 GC heap before
{Heap before GC invocations=2 (full 0):
 PSYoungGen      total 76288K, used 71704K [0x00000000f5580000, 0x00000000fea80000, 0x0000000100000000)
  eden space 65536K, 100% used [0x00000000f5580000,0x00000000f9580000,0x00000000f9580000)
  from space 10752K, 57% used [0x00000000f9580000,0x00000000f9b86078,0x00000000fa000000)
  to   space 10752K, 0% used [0x00000000fe000000,0x00000000fe000000,0x00000000fea80000)
 ParOldGen       total 175104K, used 16K [0x00000000e0000000, 0x00000000eab00000, 0x00000000f5580000)
  object space 175104K, 0% used [0x00000000e0000000,0x00000000e0004000,0x00000000eab00000)
 Metaspace       used 14975K, capacity 15328K, committed 15744K, reserved 1062912K
  class space    used 2172K, capacity 2330K, committed 2432K, reserved 1048576K
Event: 12.001 GC heap after
Heap after GC invocations=2 (full 0):
 PSYoungGen      total 141824K, used 9685K [0x00000000f5580000, 0x00000000fea80000, 0x0000000100000000)
  eden space 131072K, 0% used [0x00000000f5580000,0x00000000f5580000,0x00000000fd580000)
  from space 10752K, 90% used [0x00000000fe000000,0x00000000fe975670,0x00000000fea80000)
  to   space 10752K, 0% used [0x00000000fd580000,0x00000000fd580000,0x00000000fe000000)
 ParOldGen       total 175104K, used 24K [0x00000000e0000000, 0x00000000eab00000, 0x00000000f5580000)
  object space 175104K, 0% used [0x00000000e0000000,0x00000000e0006000,0x00000000eab00000)
 Metaspace       used 14975K, capacity 15328K, committed 15744K, reserved 1062912K
  class space    used 2172K, capacity 2330K, committed 2432K, reserved 1048576K
}

