# JRE version: Java(TM) SE Runtime Environment (8.0_231-b11) (build 1.8.0_231-b11)
# Java VM: Java HotSpot(TM) 64-Bit Server VM (25.231-b11 mixed mode windows-amd64 compressed oops)
Heap:
 PSYoungGen      total 156160K, used 75975K [0x00000000f5580000, 0x0000000100000000, 0x0000000100000000)
  eden space 138752K, 54% used [0x00000000f5580000,0x00000000f9fb1c30,0x00000000fdd00000)
  from space 17408K, 0% used [0x00000000fdd00000,0x00000000fdd00000,0x00000000fee00000)
  to   space 18432K, 0% used [0x00000000fee00000,0x00000000fee00000,0x0000000100000000)
 ParOldGen       total 226304K, used 32033K [0x00000000e0000000, 0x00000000edd00000, 0x00000000f5580000)
  object space 226304K, 14% used [0x00000000e0000000,0x00000000e1f48778,0x00000000edd00000)
 Metaspace       used 59873K, capacity 61946K, committed 62208K, reserved 1101824K
  class space    used 8258K, capacity 8839K, committed 8960K, reserved 1048576K
GC Heap History (10 events):
Event: 36.914 GC heap before
{Heap before GC invocations=8 (full 2):
 PSYoungGen      total 112128K, used 12068K [0x00000000f5580000, 0x00000000fd200000, 0x0000000100000000)
  eden space 99328K, 0% used [0x00000000f5580000,0x00000000f5580000,0x00000000fb680000)
  from space 12800K, 94% used [0x00000000fc400000,0x00000000fcfc9300,0x00000000fd080000)
  to   space 13824K, 0% used [0x00000000fb680000,0x00000000fb680000,0x00000000fc400000)
 ParOldGen       total 175104K, used 10865K [0x00000000e0000000, 0x00000000eab00000, 0x00000000f5580000)
  object space 175104K, 6% used [0x00000000e0000000,0x00000000e0a9c758,0x00000000eab00000)
 Metaspace       used 34585K, capacity 35316K, committed 35416K, reserved 1079296K
  class space    used 4879K, capacity 5099K, committed 5120K, reserved 1048576K
Event: 37.065 GC heap after
Heap after GC invocations=8 (full 2):
 PSYoungGen      total 112128K, used 0K [0x00000000f5580000, 0x00000000fd200000, 0x0000000100000000)
  eden space 99328K, 0% used [0x00000000f5580000,0x00000000f5580000,0x00000000fb680000)
  from space 12800K, 0% used [0x00000000fc400000,0x00000000fc400000,0x00000000fd080000)
  to   space 13824K, 0% used [0x00000000fb680000,0x00000000fb680000,0x00000000fc400000)
 ParOldGen       total 175104K, used 19026K [0x00000000e0000000, 0x00000000eab00000, 0x00000000f5580000)
  object space 175104K, 10% used [0x00000000e0000000,0x00000000e12948f0,0x00000000eab00000)
 Metaspace       used 34583K, capacity 35310K, committed 35416K, reserved 1079296K
  class space    used 4879K, capacity 5098K, committed 5120K, reserved 1048576K
}
Event: 41.547 GC heap before
{Heap before GC invocations=9 (full 2):
 PSYoungGen      total 112128K, used 99328K [0x00000000f5580000, 0x00000000fd200000, 0x0000000100000000)
  eden space 99328K, 100% used [0x00000000f5580000,0x00000000fb680000,0x00000000fb680000)
  from space 12800K, 0% used [0x00000000fc400000,0x00000000fc400000,0x00000000fd080000)
  to   space 13824K, 0% used [0x00000000fb680000,0x00000000fb680000,0x00000000fc400000)
 ParOldGen       total 175104K, used 19026K [0x00000000e0000000, 0x00000000eab00000, 0x00000000f5580000)
  object space 175104K, 10% used [0x00000000e0000000,0x00000000e12948f0,0x00000000eab00000)
 Metaspace       used 44480K, capacity 45614K, committed 45952K, reserved 1089536K
  class space    used 6141K, capacity 6455K, committed 6528K, reserved 1048576K
Event: 41.586 GC heap after
Heap after GC invocations=9 (full 2):
 PSYoungGen      total 113152K, used 13782K [0x00000000f5580000, 0x0000000100000000, 0x0000000100000000)
  eden space 99328K, 0% used [0x00000000f5580000,0x00000000f5580000,0x00000000fb680000)
  from space 13824K, 99% used [0x00000000fb680000,0x00000000fc3f5938,0x00000000fc400000)
  to   space 15360K, 0% used [0x00000000ff100000,0x00000000ff100000,0x0000000100000000)
 ParOldGen       total 175104K, used 19078K [0x00000000e0000000, 0x00000000eab00000, 0x00000000f5580000)
  object space 175104K, 10% used [0x00000000e0000000,0x00000000e12a1bb8,0x00000000eab00000)
 Metaspace       used 44480K, capacity 45614K, committed 45952K, reserved 1089536K
  class space    used 6141K, capacity 6455K, committed 6528K, reserved 1048576K
}
Event: 47.209 GC heap before
{Heap before GC invocations=10 (full 2):
 PSYoungGen      total 113152K, used 113110K [0x00000000f5580000, 0x0000000100000000, 0x0000000100000000)
  eden space 99328K, 100% used [0x00000000f5580000,0x00000000fb680000,0x00000000fb680000)
  from space 13824K, 99% used [0x00000000fb680000,0x00000000fc3f5938,0x00000000fc400000)
  to   space 15360K, 0% used [0x00000000ff100000,0x00000000ff100000,0x0000000100000000)
 ParOldGen       total 175104K, used 19078K [0x00000000e0000000, 0x00000000eab00000, 0x00000000f5580000)
  object space 175104K, 10% used [0x00000000e0000000,0x00000000e12a1bb8,0x00000000eab00000)
 Metaspace       used 53963K, capacity 55446K, committed 55680K, reserved 1097728K
  class space    used 7393K, capacity 7790K, committed 7808K, reserved 1048576K
Event: 47.249 GC heap after
Heap after GC invocations=10 (full 2):
 PSYoungGen      total 154112K, used 15350K [0x00000000f5580000, 0x0000000100000000, 0x0000000100000000)
  eden space 138752K, 0% used [0x00000000f5580000,0x00000000f5580000,0x00000000fdd00000)
  from space 15360K, 99% used [0x00000000ff100000,0x00000000ffffd9c8,0x0000000100000000)
  to   space 17920K, 0% used [0x00000000fdd00000,0x00000000fdd00000,0x00000000fee80000)
 ParOldGen       total 175104K, used 21241K [0x00000000e0000000, 0x00000000eab00000, 0x00000000f5580000)
  object space 175104K, 12% used [0x00000000e0000000,0x00000000e14be570,0x00000000eab00000)
 Metaspace       used 53963K, capacity 55446K, committed 55680K, reserved 1097728K
  class space    used 7393K, capacity 7790K, committed 7808K, reserved 1048576K
}
Event: 48.659 GC heap before
{Heap before GC invocations=11 (full 2):
 PSYoungGen      total 154112K, used 67703K [0x00000000f5580000, 0x0000000100000000, 0x0000000100000000)
  eden space 138752K, 37% used [0x00000000f5580000,0x00000000f88a0630,0x00000000fdd00000)
  from space 15360K, 99% used [0x00000000ff100000,0x00000000ffffd9c8,0x0000000100000000)
  to   space 17920K, 0% used [0x00000000fdd00000,0x00000000fdd00000,0x00000000fee80000)
 ParOldGen       total 175104K, used 21241K [0x00000000e0000000, 0x00000000eab00000, 0x00000000f5580000)
  object space 175104K, 12% used [0x00000000e0000000,0x00000000e14be570,0x00000000eab00000)
 Metaspace       used 57388K, capacity 58884K, committed 59008K, reserved 1099776K
  class space    used 7886K, capacity 8307K, committed 8320K, reserved 1048576K
Event: 48.790 GC heap after
Heap after GC invocations=11 (full 2):
 PSYoungGen      total 156160K, used 16949K [0x00000000f5580000, 0x0000000100000000, 0x0000000100000000)
  eden space 138752K, 0% used [0x00000000f5580000,0x00000000f5580000,0x00000000fdd00000)
  from space 17408K, 97% used [0x00000000fdd00000,0x00000000fed8d7b8,0x00000000fee00000)
  to   space 18432K, 0% used [0x00000000fee00000,0x00000000fee00000,0x0000000100000000)
 ParOldGen       total 175104K, used 21313K [0x00000000e0000000, 0x00000000eab00000, 0x00000000f5580000)
  object space 175104K, 12% used [0x00000000e0000000,0x00000000e14d0580,0x00000000eab00000)
 Metaspace       used 57388K, capacity 58884K, committed 59008K, reserved 1099776K
  class space    used 7886K, capacity 8307K, committed 8320K, reserved 1048576K
}
Event: 48.790 GC heap before
{Heap before GC invocations=12 (full 3):
 PSYoungGen      total 156160K, used 16949K [0x00000000f5580000, 0x0000000100000000, 0x0000000100000000)
  eden space 138752K, 0% used [0x00000000f5580000,0x00000000f5580000,0x00000000fdd00000)
  from space 17408K, 97% used [0x00000000fdd00000,0x00000000fed8d7b8,0x00000000fee00000)
  to   space 18432K, 0% used [0x00000000fee00000,0x00000000fee00000,0x0000000100000000)
 ParOldGen       total 175104K, used 21313K [0x00000000e0000000, 0x00000000eab00000, 0x00000000f5580000)
  object space 175104K, 12% used [0x00000000e0000000,0x00000000e14d0580,0x00000000eab00000)
 Metaspace       used 57388K, capacity 58884K, committed 59008K, reserved 1099776K
  class space    used 7886K, capacity 8307K, committed 8320K, reserved 1048576K
Event: 49.395 GC heap after
Heap after GC invocations=12 (full 3):
 PSYoungGen      total 156160K, used 0K [0x00000000f5580000, 0x0000000100000000, 0x0000000100000000)
  eden space 138752K, 0% used [0x00000000f5580000,0x00000000f5580000,0x00000000fdd00000)
  from space 17408K, 0% used [0x00000000fdd00000,0x00000000fdd00000,0x00000000fee00000)
  to   space 18432K, 0% used [0x00000000fee00000,0x00000000fee00000,0x0000000100000000)
 ParOldGen       total 226304K, used 32033K [0x00000000e0000000, 0x00000000edd00000, 0x00000000f5580000)
  object space 226304K, 14% used [0x00000000e0000000,0x00000000e1f48778,0x00000000edd00000)
 Metaspace       used 57388K, capacity 58884K, committed 59008K, reserved 1099776K
  class space    used 7886K, capacity 8307K, committed 8320K, reserved 1048576K
}

